2021-07-19 11:57:11.144  INFO 631819 --- [restartedMain] c.c.h.HogwartsHousesApplication          : Starting HogwartsHousesApplication using Java 11.0.11 on Master with PID 631819 (/home/izs/OneDrive/Dokumentumok/GitHub/Enterprise_Backend/hogwarts-houses-3-java-zemen32/target/classes started by izs in /home/izs/OneDrive/Dokumentumok/GitHub/Enterprise_Backend/hogwarts-houses-3-java-zemen32)
2021-07-19 11:57:11.148  INFO 631819 --- [restartedMain] c.c.h.HogwartsHousesApplication          : No active profile set, falling back to default profiles: default
2021-07-19 11:57:11.264  INFO 631819 --- [restartedMain] .e.DevToolsPropertyDefaultsPostProcessor : Devtools property defaults active! Set 'spring.devtools.add-properties' to 'false' to disable
2021-07-19 11:57:11.265  INFO 631819 --- [restartedMain] .e.DevToolsPropertyDefaultsPostProcessor : For additional web related logging consider setting the 'logging.level.web' property to 'DEBUG'
2021-07-19 11:57:12.791  INFO 631819 --- [restartedMain] o.s.b.w.embedded.tomcat.TomcatWebServer  : Tomcat initialized with port(s): 8080 (http)
2021-07-19 11:57:12.798  INFO 631819 --- [restartedMain] o.apache.catalina.core.StandardService   : Starting service [Tomcat]
2021-07-19 11:57:12.798  INFO 631819 --- [restartedMain] org.apache.catalina.core.StandardEngine  : Starting Servlet engine: [Apache Tomcat/9.0.43]
2021-07-19 11:57:12.827  INFO 631819 --- [restartedMain] o.a.c.c.C.[Tomcat].[localhost].[/]       : Initializing Spring embedded WebApplicationContext
2021-07-19 11:57:12.827  INFO 631819 --- [restartedMain] w.s.c.ServletWebServerApplicationContext : Root WebApplicationContext: initialization completed in 1561 ms
2021-07-19 11:57:12.877  INFO 631819 --- [restartedMain] com.zaxxer.hikari.HikariDataSource       : hogwarts5 - Starting...
2021-07-19 11:57:13.401  INFO 631819 --- [restartedMain] com.zaxxer.hikari.HikariDataSource       : hogwarts5 - Start completed.
2021-07-19 11:57:14.017  INFO 631819 --- [restartedMain] o.s.b.a.h2.H2ConsoleAutoConfiguration    : H2 console available at '/h2-console'. Database available at 'jdbc:h2:~/hogwarts5'
2021-07-19 11:57:14.441  INFO 631819 --- [restartedMain] o.s.b.d.a.OptionalLiveReloadServer       : LiveReload server is running on port 35729
2021-07-19 11:57:15.060  INFO 631819 --- [restartedMain] o.s.s.concurrent.ThreadPoolTaskExecutor  : Initializing ExecutorService 'applicationTaskExecutor'
2021-07-19 11:57:15.649  INFO 631819 --- [restartedMain] o.s.b.w.embedded.tomcat.TomcatWebServer  : Tomcat started on port(s): 8080 (http) with context path ''
2021-07-19 11:57:15.657  INFO 631819 --- [restartedMain] c.c.h.HogwartsHousesApplication          : Started HogwartsHousesApplication in 4.838 seconds (JVM running for 5.469)
2021-07-19 11:58:06.983  INFO 631819 --- [http-nio-8080-exec-1] o.a.c.c.C.[Tomcat].[localhost].[/]       : Initializing Spring DispatcherServlet 'dispatcherServlet'
2021-07-19 11:58:06.985  INFO 631819 --- [http-nio-8080-exec-1] o.s.web.servlet.DispatcherServlet        : Initializing Servlet 'dispatcherServlet'
2021-07-19 11:58:06.989  INFO 631819 --- [http-nio-8080-exec-1] o.s.web.servlet.DispatcherServlet        : Completed initialization in 3 ms
2021-07-19 11:58:07.056  INFO 631819 --- [http-nio-8080-exec-1] c.c.h.dao.repository.RoomDaoJdbcImpl     : Returned Room Optional
2021-07-19 11:58:07.056  INFO 631819 --- [http-nio-8080-exec-1] c.c.h.dao.repository.RoomDaoJdbcImpl     : Returned Room Optional
2021-07-19 11:58:07.057  INFO 631819 --- [http-nio-8080-exec-1] c.c.h.dao.repository.RoomDaoJdbcImpl     : Returned Room Optional
2021-07-19 11:58:07.058  INFO 631819 --- [http-nio-8080-exec-1] c.c.h.dao.repository.RoomDaoJdbcImpl     : Returned Room Optional
2021-07-19 11:58:07.058  INFO 631819 --- [http-nio-8080-exec-1] c.c.h.dao.repository.RoomDaoJdbcImpl     : Returned Room Optional
2021-07-19 11:58:07.059  INFO 631819 --- [http-nio-8080-exec-1] c.c.h.dao.repository.RoomDaoJdbcImpl     : Returned Room Optional
2021-07-19 11:58:15.814  INFO 631819 --- [SpringContextShutdownHook] o.s.s.concurrent.ThreadPoolTaskExecutor  : Shutting down ExecutorService 'applicationTaskExecutor'
2021-07-19 11:58:15.815  INFO 631819 --- [SpringContextShutdownHook] com.zaxxer.hikari.HikariDataSource       : hogwarts5 - Shutdown initiated...
2021-07-19 11:58:16.206  INFO 631819 --- [SpringContextShutdownHook] com.zaxxer.hikari.HikariDataSource       : hogwarts5 - Shutdown completed.
